<?xml version="1.0" encoding="UTF-8"?>
<testng-results ignored="0" total="1" passed="1" failed="0" skipped="0">
  <reporter-output>
  </reporter-output>
  <suite started-at="2026-04-02T17:25:17 IST" name="Default suite" finished-at="2026-04-02T17:27:53 IST" duration-ms="156006">
    <groups>
    </groups>
    <test started-at="2026-04-02T17:25:17 IST" name="Default test" finished-at="2026-04-02T17:27:53 IST" duration-ms="156006">
      <class name="api_tracking.Tests.APITrackingTest">
        <test-method is-config="true" signature="setUp()[pri:0, instance:api_tracking.Tests.APITrackingTest@66d18979]" started-at="2026-04-02T17:25:17 IST" name="setUp" finished-at="2026-04-02T17:25:31 IST" duration-ms="13932" status="PASS">
          <reporter-output>
          </reporter-output>
        </test-method> <!-- setUp -->
        <test-method signature="trackAPIs()[pri:0, instance:api_tracking.Tests.APITrackingTest@66d18979]" started-at="2026-04-02T17:25:31 IST" name="trackAPIs" finished-at="2026-04-02T17:27:50 IST" duration-ms="139676" status="PASS">
          <reporter-output>
          </reporter-output>
        </test-method> <!-- trackAPIs -->
        <test-method is-config="true" signature="tearDown()[pri:0, instance:api_tracking.Tests.APITrackingTest@66d18979]" started-at="2026-04-02T17:27:50 IST" name="tearDown" finished-at="2026-04-02T17:27:53 IST" duration-ms="2242" status="PASS">
          <reporter-output>
          </reporter-output>
        </test-method> <!-- tearDown -->
      </class> <!-- api_tracking.Tests.APITrackingTest -->
    </test> <!-- Default test -->
  </suite> <!-- Default suite -->
</testng-results>
